Traceback (most recent call last):
  File "/mnt/storage/users/polak/firstfit/first-fit/evaluate.py", line 98, in <module>
    main(parsed_args.program_path, parsed_args.results_dir)
  File "/mnt/storage/users/polak/firstfit/first-fit/evaluate.py", line 71, in main
    metrics, correct, error_msg = run_shinka_eval(
                                  ^^^^^^^^^^^^^^^^
  File "/mnt/storage/users/polak/firstfit/first-fit/3rdparty/ShinkaEvolve/shinka/core/wrap_eval.py", line 119, in run_shinka_eval
    run_result = experiment_fn(**kwargs)
                 ^^^^^^^^^^^^^^^^^^^^^^^
  File "/mnt/storage/users/polak/firstfit/first-fit/results73/gen_195/main.py", line 280, in run_experiment
    return construct_intervals()
           ^^^^^^^^^^^^^^^^^^^^^
  File "/mnt/storage/users/polak/firstfit/first-fit/results73/gen_195/main.py", line 242, in construct_intervals
    score, om, cols, n = evaluate(T)
                         ^^^^^^^^^^^
  File "/mnt/storage/users/polak/firstfit/first-fit/results73/gen_195/main.py", line 174, in evaluate
    cols = firstfit_colors(intervals)
           ^^^^^^^^^^^^^^^^^^^^^^^^^^
  File "/mnt/storage/users/polak/firstfit/first-fit/results73/gen_195/main.py", line 36, in firstfit_colors
    if overlaps(u, iv):
       ^^^^^^^^^^^^^^^
  File "/mnt/storage/users/polak/firstfit/first-fit/results73/gen_195/main.py", line 23, in overlaps
    return max(l1, l2) < min(r1, r2)
           ^^^^^^^^^^^
KeyboardInterrupt
