Traceback (most recent call last):
  File "/mnt/storage/users/polak/firstfit/first-fit/evaluate.py", line 98, in <module>
    main(parsed_args.program_path, parsed_args.results_dir)
  File "/mnt/storage/users/polak/firstfit/first-fit/evaluate.py", line 71, in main
    metrics, correct, error_msg = run_shinka_eval(
                                  ^^^^^^^^^^^^^^^^
  File "/mnt/storage/users/polak/firstfit/first-fit/3rdparty/ShinkaEvolve/shinka/core/wrap_eval.py", line 119, in run_shinka_eval
    run_result = experiment_fn(**kwargs)
                 ^^^^^^^^^^^^^^^^^^^^^^^
  File "/mnt/storage/users/polak/firstfit/first-fit/results73/gen_95/main.py", line 411, in run_experiment
    return construct_intervals()
           ^^^^^^^^^^^^^^^^^^^^^
  File "/mnt/storage/users/polak/firstfit/first-fit/results73/gen_95/main.py", line 342, in construct_intervals
    T = build_pattern(
        ^^^^^^^^^^^^^^
  File "/mnt/storage/users/polak/firstfit/first-fit/results73/gen_95/main.py", line 160, in build_pattern
    T_pruned = prune_strict(T, cols_cur, om_cur)
               ^^^^^^^^^^^^^^^^^^^^^^^^^^^^^^^^^
  File "/mnt/storage/users/polak/firstfit/first-fit/results73/gen_95/main.py", line 234, in prune_strict
    cols = firstfit_colors(Tn)
           ^^^^^^^^^^^^^^^^^^^
  File "/mnt/storage/users/polak/firstfit/first-fit/results73/gen_95/main.py", line 51, in firstfit_colors
    if overlaps(u, iv):
       ^^^^^^^^^^^^^^^
  File "/mnt/storage/users/polak/firstfit/first-fit/results73/gen_95/main.py", line 12, in overlaps
    return max(l1, l2) < min(r1, r2)
           ^^^^^^^^^^^
KeyboardInterrupt
